{"/Users/shisonghu/mygithub/multicheck/src/MultiCheck/MultiCheck.tsx": {"path":"/Users/shisonghu/mygithub/multicheck/src/MultiCheck/MultiCheck.tsx","statementMap":{"0":{"start":{"line":1,"column":0},"end":{"line":1,"column":51}},"1":{"start":{"line":2,"column":0},"end":{"line":2,"column":45}},"2":{"start":{"line":3,"column":0},"end":{"line":3,"column":26}},"3":{"start":{"line":30,"column":51},"end":{"line":161,"column":1}},"4":{"start":{"line":31,"column":60},"end":{"line":31,"column":65}},"5":{"start":{"line":32,"column":44},"end":{"line":32,"column":66}},"6":{"start":{"line":33,"column":50},"end":{"line":33,"column":74}},"7":{"start":{"line":35,"column":23},"end":{"line":44,"column":3}},"8":{"start":{"line":36,"column":4},"end":{"line":42,"column":null}},"9":{"start":{"line":37,"column":6},"end":{"line":37,"column":null}},"10":{"start":{"line":39,"column":24},"end":{"line":39,"column":38}},"11":{"start":{"line":40,"column":6},"end":{"line":40,"column":null}},"12":{"start":{"line":40,"column":40},"end":{"line":40,"column":66}},"13":{"start":{"line":41,"column":6},"end":{"line":41,"column":null}},"14":{"start":{"line":43,"column":4},"end":{"line":43,"column":null}},"15":{"start":{"line":46,"column":24},"end":{"line":57,"column":3}},"16":{"start":{"line":47,"column":21},"end":{"line":47,"column":35}},"17":{"start":{"line":48,"column":27},"end":{"line":48,"column":45}},"18":{"start":{"line":49,"column":18},"end":{"line":49,"column":51}},"19":{"start":{"line":50,"column":4},"end":{"line":54,"column":null}},"20":{"start":{"line":51,"column":6},"end":{"line":51,"column":null}},"21":{"start":{"line":53,"column":6},"end":{"line":53,"column":38}},"22":{"start":{"line":55,"column":4},"end":{"line":55,"column":null}},"23":{"start":{"line":56,"column":4},"end":{"line":56,"column":null}},"24":{"start":{"line":60,"column":2},"end":{"line":67,"column":15}},"25":{"start":{"line":61,"column":4},"end":{"line":61,"column":35}},"26":{"start":{"line":62,"column":4},"end":{"line":66,"column":null}},"27":{"start":{"line":63,"column":6},"end":{"line":63,"column":null}},"28":{"start":{"line":65,"column":6},"end":{"line":65,"column":null}},"29":{"start":{"line":70,"column":2},"end":{"line":80,"column":null}},"30":{"start":{"line":71,"column":4},"end":{"line":79,"column":null}},"31":{"start":{"line":72,"column":29},"end":{"line":72,"column":43}},"32":{"start":{"line":73,"column":6},"end":{"line":77,"column":null}},"33":{"start":{"line":74,"column":8},"end":{"line":76,"column":null}},"34":{"start":{"line":75,"column":10},"end":{"line":75,"column":null}},"35":{"start":{"line":78,"column":6},"end":{"line":78,"column":31}},"36":{"start":{"line":83,"column":23},"end":{"line":83,"column":60}},"37":{"start":{"line":85,"column":23},"end":{"line":85,"column":40}},"38":{"start":{"line":88,"column":4},"end":{"line":93,"column":null}},"39":{"start":{"line":100,"column":23},"end":{"line":133,"column":3}},"40":{"start":{"line":101,"column":22},"end":{"line":101,"column":24}},"41":{"start":{"line":102,"column":24},"end":{"line":102,"column":26}},"42":{"start":{"line":104,"column":4},"end":{"line":110,"column":null}},"43":{"start":{"line":105,"column":6},"end":{"line":105,"column":null}},"44":{"start":{"line":106,"column":6},"end":{"line":106,"column":55}},"45":{"start":{"line":108,"column":25},"end":{"line":108,"column":70}},"46":{"start":{"line":109,"column":6},"end":{"line":109,"column":73}},"47":{"start":{"line":111,"column":4},"end":{"line":121,"column":null}},"48":{"start":{"line":112,"column":6},"end":{"line":120,"column":null}},"49":{"start":{"line":122,"column":4},"end":{"line":132,"column":6}},"50":{"start":{"line":139,"column":24},"end":{"line":146,"column":3}},"51":{"start":{"line":140,"column":16},"end":{"line":140,"column":18}},"52":{"start":{"line":141,"column":4},"end":{"line":144,"column":null}},"53":{"start":{"line":141,"column":16},"end":{"line":141,"column":17}},"54":{"start":{"line":142,"column":24},"end":{"line":142,"column":39}},"55":{"start":{"line":143,"column":6},"end":{"line":143,"column":null}},"56":{"start":{"line":145,"column":4},"end":{"line":145,"column":15}},"57":{"start":{"line":148,"column":2},"end":{"line":160,"column":null}},"58":{"start":{"line":163,"column":0},"end":{"line":163,"column":26}}},"fnMap":{"0":{"name":"(anonymous_2)","decl":{"start":{"line":30,"column":51},"end":{"line":30,"column":52}},"loc":{"start":{"line":30,"column":74},"end":{"line":161,"column":1}}},"1":{"name":"(anonymous_3)","decl":{"start":{"line":35,"column":23},"end":{"line":35,"column":24}},"loc":{"start":{"line":35,"column":66},"end":{"line":44,"column":3}}},"2":{"name":"(anonymous_4)","decl":{"start":{"line":40,"column":22},"end":{"line":40,"column":23}},"loc":{"start":{"line":40,"column":40},"end":{"line":40,"column":66}}},"3":{"name":"(anonymous_5)","decl":{"start":{"line":46,"column":24},"end":{"line":46,"column":25}},"loc":{"start":{"line":46,"column":67},"end":{"line":57,"column":3}}},"4":{"name":"(anonymous_6)","decl":{"start":{"line":60,"column":12},"end":{"line":60,"column":15}},"loc":{"start":{"line":60,"column":17},"end":{"line":67,"column":3}}},"5":{"name":"(anonymous_7)","decl":{"start":{"line":70,"column":12},"end":{"line":70,"column":15}},"loc":{"start":{"line":70,"column":17},"end":{"line":80,"column":3}}},"6":{"name":"(anonymous_8)","decl":{"start":{"line":73,"column":22},"end":{"line":73,"column":23}},"loc":{"start":{"line":73,"column":33},"end":{"line":77,"column":7}}},"7":{"name":"(anonymous_9)","decl":{"start":{"line":100,"column":23},"end":{"line":100,"column":24}},"loc":{"start":{"line":100,"column":41},"end":{"line":133,"column":3}}},"8":{"name":"(anonymous_10)","decl":{"start":{"line":111,"column":22},"end":{"line":111,"column":23}},"loc":{"start":{"line":111,"column":38},"end":{"line":121,"column":5}}},"9":{"name":"(anonymous_11)","decl":{"start":{"line":139,"column":24},"end":{"line":139,"column":25}},"loc":{"start":{"line":139,"column":44},"end":{"line":146,"column":3}}}},"branchMap":{"0":{"loc":{"start":{"line":31,"column":54},"end":{"line":31,"column":55}},"type":"default-arg","locations":[{"start":{"line":31,"column":54},"end":{"line":31,"column":55}}]},"1":{"loc":{"start":{"line":36,"column":4},"end":{"line":42,"column":null}},"type":"if","locations":[{"start":{"line":36,"column":4},"end":{"line":42,"column":null}},{"start":{"line":36,"column":4},"end":{"line":42,"column":null}}]},"2":{"loc":{"start":{"line":49,"column":32},"end":{"line":49,"column":34}},"type":"cond-expr","locations":[{"start":{"line":49,"column":32},"end":{"line":49,"column":34}},{"start":{"line":49,"column":18},"end":{"line":49,"column":51}}]},"3":{"loc":{"start":{"line":49,"column":18},"end":{"line":49,"column":34}},"type":"binary-expr","locations":[{"start":{"line":49,"column":18},"end":{"line":49,"column":34}},{"start":{"line":49,"column":18},"end":{"line":49,"column":34}}]},"4":{"loc":{"start":{"line":50,"column":4},"end":{"line":54,"column":null}},"type":"if","locations":[{"start":{"line":50,"column":4},"end":{"line":54,"column":null}},{"start":{"line":50,"column":4},"end":{"line":54,"column":null}}]},"5":{"loc":{"start":{"line":53,"column":20},"end":{"line":53,"column":22}},"type":"cond-expr","locations":[{"start":{"line":53,"column":20},"end":{"line":53,"column":22}},{"start":{"line":53,"column":6},"end":{"line":53,"column":38}}]},"6":{"loc":{"start":{"line":53,"column":6},"end":{"line":53,"column":22}},"type":"binary-expr","locations":[{"start":{"line":53,"column":6},"end":{"line":53,"column":22}},{"start":{"line":53,"column":6},"end":{"line":53,"column":22}}]},"7":{"loc":{"start":{"line":61,"column":21},"end":{"line":61,"column":27}},"type":"binary-expr","locations":[{"start":{"line":61,"column":21},"end":{"line":61,"column":27}},{"start":{"line":61,"column":31},"end":{"line":61,"column":33}}]},"8":{"loc":{"start":{"line":62,"column":4},"end":{"line":66,"column":null}},"type":"if","locations":[{"start":{"line":62,"column":4},"end":{"line":66,"column":null}},{"start":{"line":62,"column":4},"end":{"line":66,"column":null}}]},"9":{"loc":{"start":{"line":62,"column":7},"end":{"line":62,"column":13}},"type":"binary-expr","locations":[{"start":{"line":62,"column":7},"end":{"line":62,"column":13}},{"start":{"line":62,"column":17},"end":{"line":62,"column":49}}]},"10":{"loc":{"start":{"line":71,"column":4},"end":{"line":79,"column":null}},"type":"if","locations":[{"start":{"line":71,"column":4},"end":{"line":79,"column":null}},{"start":{"line":71,"column":4},"end":{"line":79,"column":null}}]},"11":{"loc":{"start":{"line":74,"column":8},"end":{"line":76,"column":null}},"type":"if","locations":[{"start":{"line":74,"column":8},"end":{"line":76,"column":null}},{"start":{"line":74,"column":8},"end":{"line":76,"column":null}}]},"12":{"loc":{"start":{"line":104,"column":4},"end":{"line":110,"column":null}},"type":"if","locations":[{"start":{"line":104,"column":4},"end":{"line":110,"column":null}},{"start":{"line":104,"column":4},"end":{"line":110,"column":null}}]}},"s":{"0":1,"1":1,"2":1,"3":1,"4":21,"5":21,"6":21,"7":21,"8":2,"9":1,"10":1,"11":1,"12":9,"13":1,"14":2,"15":21,"16":1,"17":1,"18":1,"19":1,"20":1,"21":0,"22":1,"23":1,"24":21,"25":9,"26":9,"27":2,"28":7,"29":21,"30":21,"31":0,"32":0,"33":0,"34":0,"35":0,"36":21,"37":21,"38":21,"39":21,"40":44,"41":44,"42":44,"43":21,"44":21,"45":23,"46":23,"47":44,"48":151,"49":44,"50":21,"51":21,"52":21,"53":21,"54":44,"55":44,"56":21,"57":21,"58":1},"f":{"0":21,"1":2,"2":9,"3":1,"4":9,"5":21,"6":0,"7":44,"8":151,"9":21},"b":{"0":[6],"1":[1,1],"2":[0,1],"3":[1,1],"4":[1,0],"5":[0,0],"6":[0,0],"7":[9,5],"8":[2,7],"9":[9,4],"10":[0,21],"11":[0,0],"12":[21,23]}}
,"/Users/shisonghu/mygithub/multicheck/src/MultiCheck/components/CheckBox.tsx": {"path":"/Users/shisonghu/mygithub/multicheck/src/MultiCheck/components/CheckBox.tsx","statementMap":{"0":{"start":{"line":1,"column":0},"end":{"line":1,"column":26}},"1":{"start":{"line":2,"column":0},"end":{"line":2,"column":24}},"2":{"start":{"line":11,"column":53},"end":{"line":25,"column":1}},"3":{"start":{"line":12,"column":49},"end":{"line":12,"column":54}},"4":{"start":{"line":14,"column":2},"end":{"line":24,"column":null}},"5":{"start":{"line":27,"column":0},"end":{"line":27,"column":28}}},"fnMap":{"0":{"name":"(anonymous_1)","decl":{"start":{"line":11,"column":53},"end":{"line":11,"column":54}},"loc":{"start":{"line":11,"column":76},"end":{"line":25,"column":1}}}},"branchMap":{},"s":{"0":2,"1":2,"2":2,"3":176,"4":176,"5":2},"f":{"0":176},"b":{}}
}
