TN:
SF:src/MultiCheck/MultiCheck.tsx
FN:30,(anonymous_2)
FN:35,(anonymous_3)
FN:40,(anonymous_4)
FN:46,(anonymous_5)
FN:60,(anonymous_6)
FN:70,(anonymous_7)
FN:73,(anonymous_8)
FN:100,(anonymous_9)
FN:111,(anonymous_10)
FN:139,(anonymous_11)
FNF:10
FNH:9
FNDA:21,(anonymous_2)
FNDA:2,(anonymous_3)
FNDA:9,(anonymous_4)
FNDA:1,(anonymous_5)
FNDA:9,(anonymous_6)
FNDA:21,(anonymous_7)
FNDA:0,(anonymous_8)
FNDA:44,(anonymous_9)
FNDA:151,(anonymous_10)
FNDA:21,(anonymous_11)
DA:1,1
DA:2,1
DA:3,1
DA:30,1
DA:31,21
DA:32,21
DA:33,21
DA:35,21
DA:36,2
DA:37,1
DA:39,1
DA:40,9
DA:41,1
DA:43,2
DA:46,21
DA:47,1
DA:48,1
DA:49,1
DA:50,1
DA:51,1
DA:53,0
DA:55,1
DA:56,1
DA:60,21
DA:61,9
DA:62,9
DA:63,2
DA:65,7
DA:70,21
DA:71,21
DA:72,0
DA:73,0
DA:74,0
DA:75,0
DA:78,0
DA:83,21
DA:85,21
DA:88,21
DA:100,21
DA:101,44
DA:102,44
DA:104,44
DA:105,21
DA:106,21
DA:108,23
DA:109,23
DA:111,44
DA:112,151
DA:122,44
DA:139,21
DA:140,21
DA:141,21
DA:142,44
DA:143,44
DA:145,21
DA:148,21
DA:163,1
LF:57
LH:51
BRDA:31,0,0,6
BRDA:36,1,0,1
BRDA:36,1,1,1
BRDA:49,2,0,0
BRDA:49,2,1,1
BRDA:49,3,0,1
BRDA:49,3,1,1
BRDA:50,4,0,1
BRDA:50,4,1,0
BRDA:53,5,0,0
BRDA:53,5,1,0
BRDA:53,6,0,0
BRDA:53,6,1,0
BRDA:61,7,0,9
BRDA:61,7,1,5
BRDA:62,8,0,2
BRDA:62,8,1,7
BRDA:62,9,0,9
BRDA:62,9,1,4
BRDA:71,10,0,0
BRDA:71,10,1,21
BRDA:74,11,0,0
BRDA:74,11,1,0
BRDA:104,12,0,21
BRDA:104,12,1,23
BRF:25
BRH:16
end_of_record
TN:
SF:src/MultiCheck/components/CheckBox.tsx
FN:11,(anonymous_1)
FNF:1
FNH:1
FNDA:176,(anonymous_1)
DA:1,2
DA:2,2
DA:11,2
DA:12,176
DA:14,176
DA:27,2
LF:6
LH:6
BRF:0
BRH:0
end_of_record
